0 info it worked if it ends with ok
1 verbose cli [ 'node', '/usr/local/bin/npm', 'rm', 'grunt-contrib-jasmine' ]
2 info using npm@2.5.1
3 info using node@v0.12.1
4 verbose unbuild node_modules/grunt-contrib-jasmine
5 info preuninstall grunt-contrib-jasmine@0.8.2
6 info uninstall grunt-contrib-jasmine@0.8.2
7 verbose unbuild rmStuff grunt-contrib-jasmine@0.8.2 from /Users/Ant/programming/node/interviewr/node_modules
8 info postuninstall grunt-contrib-jasmine@0.8.2
9 verbose gentlyRm vacuuming /Users/Ant/programming/node/interviewr/node_modules/grunt-contrib-jasmine
10 silly gentlyRm purging /Users/Ant/programming/node/interviewr/node_modules/grunt-contrib-jasmine
11 verbose stack Error: EACCES, unlink '/Users/Ant/programming/node/interviewr/node_modules/grunt-contrib-jasmine/node_modules/grunt-lib-phantomjs/node_modules/.bin/phantomjs'
11 verbose stack     at Error (native)
12 verbose cwd /Users/Ant/programming/node/interviewr
13 error Darwin 14.0.0
14 error argv "node" "/usr/local/bin/npm" "rm" "grunt-contrib-jasmine"
15 error node v0.12.1
16 error npm  v2.5.1
17 error path /Users/Ant/programming/node/interviewr/node_modules/grunt-contrib-jasmine/node_modules/grunt-lib-phantomjs/node_modules/.bin/phantomjs
18 error code EACCES
19 error errno -13
20 error Error: EACCES, unlink '/Users/Ant/programming/node/interviewr/node_modules/grunt-contrib-jasmine/node_modules/grunt-lib-phantomjs/node_modules/.bin/phantomjs'
20 error     at Error (native)
20 error  { [Error: EACCES, unlink '/Users/Ant/programming/node/interviewr/node_modules/grunt-contrib-jasmine/node_modules/grunt-lib-phantomjs/node_modules/.bin/phantomjs']
20 error   errno: -13,
20 error   code: 'EACCES',
20 error   path: '/Users/Ant/programming/node/interviewr/node_modules/grunt-contrib-jasmine/node_modules/grunt-lib-phantomjs/node_modules/.bin/phantomjs' }
21 error Please try running this command again as root/Administrator.
22 verbose exit [ -13, true ]
